============================= test session starts =============================
platform win32 -- Python 3.12.14, pytest-9.1.1, pluggy-1.6.0
rootdir: C:\Users\Muthukumaran\Downloads\1790156121\Build a Claims Intake Agent with a stop_reason-Driven Loop\exercises\03-dynamic-decomposition\starter
configfile: pyproject.toml
plugins: anyio-4.15.1
collected 29 items

tests\test_antipatterns.py ....                                          [ 13%]
tests\test_fixtures.py ........                                          [ 41%]
tests\test_loop.py .....                                                 [ 58%]
tests\test_tools.py ............                                         [100%]

============================= 29 passed in 0.25s ==============================
